  socket.c
D:\UNR_work\OpenSees\SourceCode\OpenSees\SRC\actor\channel\socket.c(98,1): warning C4996: 'gethostbyname': Use getaddrinfo() or GetAddrInfoW() instead or define _WINSOCK_DEPRECATED_NO_WARNINGS to disable deprecated API warnings
C:\Program Files (x86)\Windows Kits\10\Include\10.0.18362.0\um\winsock2.h(2219): message : see declaration of 'gethostbyname'
D:\UNR_work\OpenSees\SourceCode\OpenSees\SRC\actor\channel\socket.c(173,9): warning C4996: 'strcat': This function or variable may be unsafe. Consider using strcat_s instead. To disable deprecation, use _CRT_SECURE_NO_WARNINGS. See online help for details.
D:\UNR_work\OpenSees\SourceCode\OpenSees\SRC\actor\channel\socket.c(174,25): warning C4267: '=': conversion from 'size_t' to 'int', possible loss of data
D:\UNR_work\OpenSees\SourceCode\OpenSees\SRC\actor\channel\socket.c(213,8): warning C4996: 'strcpy': This function or variable may be unsafe. Consider using strcpy_s instead. To disable deprecation, use _CRT_SECURE_NO_WARNINGS. See online help for details.
D:\UNR_work\OpenSees\SourceCode\OpenSees\SRC\actor\channel\socket.c(226,40): warning C4244: '=': conversion from '__int64' to 'int', possible loss of data
D:\UNR_work\OpenSees\SourceCode\OpenSees\SRC\actor\channel\socket.c(172,1): warning C4996: 'sprintf': This function or variable may be unsafe. Consider using sprintf_s instead. To disable deprecation, use _CRT_SECURE_NO_WARNINGS. See online help for details.
C:\Program Files (x86)\Windows Kits\10\Include\10.0.18362.0\ucrt\stdio.h(1774): message : see declaration of 'sprintf'
  myCommands.cpp
  TclModelBuilder.cpp
D:\UNR_work\OpenSees\SourceCode\OpenSees\SRC\modelbuilder\tcl\TclModelBuilder.cpp(2280,48): warning C4101: 'locY4': unreferenced local variable
D:\UNR_work\OpenSees\SourceCode\OpenSees\SRC\modelbuilder\tcl\TclModelBuilder.cpp(2281,9): warning C4101: 'locY6': unreferenced local variable
D:\UNR_work\OpenSees\SourceCode\OpenSees\SRC\modelbuilder\tcl\TclModelBuilder.cpp(2280,44): warning C4101: 't4': unreferenced local variable
D:\UNR_work\OpenSees\SourceCode\OpenSees\SRC\modelbuilder\tcl\TclModelBuilder.cpp(2281,31): warning C4101: 'locY8': unreferenced local variable
D:\UNR_work\OpenSees\SourceCode\OpenSees\SRC\modelbuilder\tcl\TclModelBuilder.cpp(2280,59): warning C4101: 'locY5': unreferenced local variable
D:\UNR_work\OpenSees\SourceCode\OpenSees\SRC\modelbuilder\tcl\TclModelBuilder.cpp(2280,37): warning C4101: 'locY3': unreferenced local variable
D:\UNR_work\OpenSees\SourceCode\OpenSees\SRC\modelbuilder\tcl\TclModelBuilder.cpp(2281,42): warning C4101: 'locY9': unreferenced local variable
D:\UNR_work\OpenSees\SourceCode\OpenSees\SRC\modelbuilder\tcl\TclModelBuilder.cpp(2281,20): warning C4101: 'locY7': unreferenced local variable
D:\UNR_work\OpenSees\SourceCode\OpenSees\SRC\modelbuilder\tcl\TclModelBuilder.cpp(2281,38): warning C4101: 't9': unreferenced local variable
D:\UNR_work\OpenSees\SourceCode\OpenSees\SRC\modelbuilder\tcl\TclModelBuilder.cpp(2281,5): warning C4101: 't6': unreferenced local variable
D:\UNR_work\OpenSees\SourceCode\OpenSees\SRC\modelbuilder\tcl\TclModelBuilder.cpp(2281,16): warning C4101: 't7': unreferenced local variable
D:\UNR_work\OpenSees\SourceCode\OpenSees\SRC\modelbuilder\tcl\TclModelBuilder.cpp(2280,33): warning C4101: 't3': unreferenced local variable
D:\UNR_work\OpenSees\SourceCode\OpenSees\SRC\modelbuilder\tcl\TclModelBuilder.cpp(2281,27): warning C4101: 't8': unreferenced local variable
D:\UNR_work\OpenSees\SourceCode\OpenSees\SRC\modelbuilder\tcl\TclModelBuilder.cpp(2280,55): warning C4101: 't5': unreferenced local variable
D:\UNR_work\OpenSees\SourceCode\OpenSees\SRC\modelbuilder\tcl\TclModelBuilder.cpp(3307,19): warning C4996: 'strcpy': This function or variable may be unsafe. Consider using strcpy_s instead. To disable deprecation, use _CRT_SECURE_NO_WARNINGS. See online help for details.
C:\Program Files (x86)\Windows Kits\10\Include\10.0.18362.0\ucrt\string.h(133): message : see declaration of 'strcpy'
D:\UNR_work\OpenSees\SourceCode\OpenSees\SRC\modelbuilder\tcl\TclModelBuilder.cpp(3329,1): warning C4996: 'sprintf': This function or variable may be unsafe. Consider using sprintf_s instead. To disable deprecation, use _CRT_SECURE_NO_WARNINGS. See online help for details.
C:\Program Files (x86)\Windows Kits\10\Include\10.0.18362.0\ucrt\stdio.h(1774): message : see declaration of 'sprintf'
D:\UNR_work\OpenSees\SourceCode\OpenSees\SRC\modelbuilder\tcl\TclModelBuilder.cpp(3332,1): warning C4996: 'sprintf': This function or variable may be unsafe. Consider using sprintf_s instead. To disable deprecation, use _CRT_SECURE_NO_WARNINGS. See online help for details.
C:\Program Files (x86)\Windows Kits\10\Include\10.0.18362.0\ucrt\stdio.h(1774): message : see declaration of 'sprintf'
D:\UNR_work\OpenSees\SourceCode\OpenSees\SRC\modelbuilder\tcl\TclModelBuilder.cpp(3786,1): warning C4996: 'sprintf': This function or variable may be unsafe. Consider using sprintf_s instead. To disable deprecation, use _CRT_SECURE_NO_WARNINGS. See online help for details.
C:\Program Files (x86)\Windows Kits\10\Include\10.0.18362.0\ucrt\stdio.h(1774): message : see declaration of 'sprintf'
D:\UNR_work\OpenSees\SourceCode\OpenSees\SRC\modelbuilder\tcl\TclModelBuilder.cpp(3884,1): warning C4996: 'sprintf': This function or variable may be unsafe. Consider using sprintf_s instead. To disable deprecation, use _CRT_SECURE_NO_WARNINGS. See online help for details.
C:\Program Files (x86)\Windows Kits\10\Include\10.0.18362.0\ucrt\stdio.h(1774): message : see declaration of 'sprintf'
D:\UNR_work\OpenSees\SourceCode\OpenSees\SRC\modelbuilder\tcl\TclModelBuilder.cpp(4221,79): warning C4267: '=': conversion from 'size_t' to 'int', possible loss of data
D:\UNR_work\OpenSees\SourceCode\OpenSees\SRC\modelbuilder\tcl\TclModelBuilder.cpp(4223,41): warning C4267: 'initializing': conversion from 'size_t' to 'int', possible loss of data
D:\UNR_work\OpenSees\SourceCode\OpenSees\SRC\modelbuilder\tcl\TclModelBuilder.cpp(4239,36): warning C4996: 'strcpy': This function or variable may be unsafe. Consider using strcpy_s instead. To disable deprecation, use _CRT_SECURE_NO_WARNINGS. See online help for details.
C:\Program Files (x86)\Windows Kits\10\Include\10.0.18362.0\ucrt\string.h(133): message : see declaration of 'strcpy'
D:\UNR_work\OpenSees\SourceCode\OpenSees\SRC\modelbuilder\tcl\TclModelBuilder.cpp(4240,37): warning C4996: 'strcpy': This function or variable may be unsafe. Consider using strcpy_s instead. To disable deprecation, use _CRT_SECURE_NO_WARNINGS. See online help for details.
C:\Program Files (x86)\Windows Kits\10\Include\10.0.18362.0\ucrt\string.h(133): message : see declaration of 'strcpy'
D:\UNR_work\OpenSees\SourceCode\OpenSees\SRC\modelbuilder\tcl\TclModelBuilder.cpp(4246,43): warning C4996: 'strcat': This function or variable may be unsafe. Consider using strcat_s instead. To disable deprecation, use _CRT_SECURE_NO_WARNINGS. See online help for details.
C:\Program Files (x86)\Windows Kits\10\Include\10.0.18362.0\ucrt\string.h(90): message : see declaration of 'strcat'
D:\UNR_work\OpenSees\SourceCode\OpenSees\SRC\modelbuilder\tcl\TclModelBuilder.cpp(4241,1): warning C4996: 'sprintf': This function or variable may be unsafe. Consider using sprintf_s instead. To disable deprecation, use _CRT_SECURE_NO_WARNINGS. See online help for details.
C:\Program Files (x86)\Windows Kits\10\Include\10.0.18362.0\ucrt\stdio.h(1774): message : see declaration of 'sprintf'
D:\UNR_work\OpenSees\SourceCode\OpenSees\SRC\modelbuilder\tcl\TclModelBuilder.cpp(4244,1): warning C4996: 'sprintf': This function or variable may be unsafe. Consider using sprintf_s instead. To disable deprecation, use _CRT_SECURE_NO_WARNINGS. See online help for details.
C:\Program Files (x86)\Windows Kits\10\Include\10.0.18362.0\ucrt\stdio.h(1774): message : see declaration of 'sprintf'
D:\UNR_work\OpenSees\SourceCode\OpenSees\SRC\modelbuilder\tcl\TclModelBuilder.cpp(4391,79): warning C4267: '=': conversion from 'size_t' to 'int', possible loss of data
D:\UNR_work\OpenSees\SourceCode\OpenSees\SRC\modelbuilder\tcl\TclModelBuilder.cpp(4393,41): warning C4267: 'initializing': conversion from 'size_t' to 'int', possible loss of data
D:\UNR_work\OpenSees\SourceCode\OpenSees\SRC\modelbuilder\tcl\TclModelBuilder.cpp(4404,31): warning C4996: 'strcpy': This function or variable may be unsafe. Consider using strcpy_s instead. To disable deprecation, use _CRT_SECURE_NO_WARNINGS. See online help for details.
C:\Program Files (x86)\Windows Kits\10\Include\10.0.18362.0\ucrt\string.h(133): message : see declaration of 'strcpy'
D:\UNR_work\OpenSees\SourceCode\OpenSees\SRC\modelbuilder\tcl\TclModelBuilder.cpp(4405,32): warning C4996: 'strcpy': This function or variable may be unsafe. Consider using strcpy_s instead. To disable deprecation, use _CRT_SECURE_NO_WARNINGS. See online help for details.
C:\Program Files (x86)\Windows Kits\10\Include\10.0.18362.0\ucrt\string.h(133): message : see declaration of 'strcpy'
D:\UNR_work\OpenSees\SourceCode\OpenSees\SRC\modelbuilder\tcl\TclModelBuilder.cpp(4411,38): warning C4996: 'strcat': This function or variable may be unsafe. Consider using strcat_s instead. To disable deprecation, use _CRT_SECURE_NO_WARNINGS. See online help for details.
C:\Program Files (x86)\Windows Kits\10\Include\10.0.18362.0\ucrt\string.h(90): message : see declaration of 'strcat'
D:\UNR_work\OpenSees\SourceCode\OpenSees\SRC\modelbuilder\tcl\TclModelBuilder.cpp(4406,1): warning C4996: 'sprintf': This function or variable may be unsafe. Consider using sprintf_s instead. To disable deprecation, use _CRT_SECURE_NO_WARNINGS. See online help for details.
C:\Program Files (x86)\Windows Kits\10\Include\10.0.18362.0\ucrt\stdio.h(1774): message : see declaration of 'sprintf'
D:\UNR_work\OpenSees\SourceCode\OpenSees\SRC\modelbuilder\tcl\TclModelBuilder.cpp(4409,1): warning C4996: 'sprintf': This function or variable may be unsafe. Consider using sprintf_s instead. To disable deprecation, use _CRT_SECURE_NO_WARNINGS. See online help for details.
  TclSectionTester.cpp
C:\Program Files (x86)\Windows Kits\10\Include\10.0.18362.0\ucrt\stdio.h(1774): message : see declaration of 'sprintf'
D:\UNR_work\OpenSees\SourceCode\OpenSees\SRC\modelbuilder\tcl\TclSectionTester.cpp(200,1): warning C4996: 'sprintf': This function or variable may be unsafe. Consider using sprintf_s instead. To disable deprecation, use _CRT_SECURE_NO_WARNINGS. See online help for details.
C:\Program Files (x86)\Windows Kits\10\Include\10.0.18362.0\ucrt\stdio.h(1774): message : see declaration of 'sprintf'
D:\UNR_work\OpenSees\SourceCode\OpenSees\SRC\modelbuilder\tcl\TclSectionTester.cpp(221,1): warning C4996: 'sprintf': This function or variable may be unsafe. Consider using sprintf_s instead. To disable deprecation, use _CRT_SECURE_NO_WARNINGS. See online help for details.
  TclUniaxialMaterialTester.cpp
C:\Program Files (x86)\Windows Kits\10\Include\10.0.18362.0\ucrt\stdio.h(1774): message : see declaration of 'sprintf'
D:\UNR_work\OpenSees\SourceCode\OpenSees\SRC\modelbuilder\tcl\TclUniaxialMaterialTester.cpp(216,1): warning C4996: 'sprintf': This function or variable may be unsafe. Consider using sprintf_s instead. To disable deprecation, use _CRT_SECURE_NO_WARNINGS. See online help for details.
C:\Program Files (x86)\Windows Kits\10\Include\10.0.18362.0\ucrt\stdio.h(1774): message : see declaration of 'sprintf'
D:\UNR_work\OpenSees\SourceCode\OpenSees\SRC\modelbuilder\tcl\TclUniaxialMaterialTester.cpp(235,1): warning C4996: 'sprintf': This function or variable may be unsafe. Consider using sprintf_s instead. To disable deprecation, use _CRT_SECURE_NO_WARNINGS. See online help for details.
  commands.cpp
C:\Program Files (x86)\Windows Kits\10\Include\10.0.18362.0\ucrt\stdio.h(1774): message : see declaration of 'sprintf'
D:\UNR_work\OpenSees\SourceCode\OpenSees\src\analysis\integrator\Houbolt.h(1,1): warning C4819: The file contains a character that cannot be represented in the current code page (936). Save the file in Unicode format to prevent data loss
D:\UNR_work\OpenSees\SourceCode\OpenSees\src\analysis\integrator\ParkLMS3.h(1,1): warning C4819: The file contains a character that cannot be represented in the current code page (936). Save the file in Unicode format to prevent data loss
D:\UNR_work\OpenSees\SourceCode\OpenSees\SRC\tcl\commands.cpp(674,17): warning C4101: 'chan': unreferenced local variable
D:\UNR_work\OpenSees\SourceCode\OpenSees\SRC\tcl\commands.cpp(1514,1): warning C4996: 'sprintf': This function or variable may be unsafe. Consider using sprintf_s instead. To disable deprecation, use _CRT_SECURE_NO_WARNINGS. See online help for details.
C:\Program Files (x86)\Windows Kits\10\Include\10.0.18362.0\ucrt\stdio.h(1774): message : see declaration of 'sprintf'
D:\UNR_work\OpenSees\SourceCode\OpenSees\SRC\tcl\commands.cpp(1594,1): warning C4996: 'sprintf': This function or variable may be unsafe. Consider using sprintf_s instead. To disable deprecation, use _CRT_SECURE_NO_WARNINGS. See online help for details.
C:\Program Files (x86)\Windows Kits\10\Include\10.0.18362.0\ucrt\stdio.h(1774): message : see declaration of 'sprintf'
D:\UNR_work\OpenSees\SourceCode\OpenSees\SRC\tcl\commands.cpp(1597,1): warning C4996: 'sprintf': This function or variable may be unsafe. Consider using sprintf_s instead. To disable deprecation, use _CRT_SECURE_NO_WARNINGS. See online help for details.
C:\Program Files (x86)\Windows Kits\10\Include\10.0.18362.0\ucrt\stdio.h(1774): message : see declaration of 'sprintf'
D:\UNR_work\OpenSees\SourceCode\OpenSees\SRC\tcl\commands.cpp(1631,1): warning C4996: 'sprintf': This function or variable may be unsafe. Consider using sprintf_s instead. To disable deprecation, use _CRT_SECURE_NO_WARNINGS. See online help for details.
C:\Program Files (x86)\Windows Kits\10\Include\10.0.18362.0\ucrt\stdio.h(1774): message : see declaration of 'sprintf'
D:\UNR_work\OpenSees\SourceCode\OpenSees\SRC\tcl\commands.cpp(1686,1): warning C4996: 'sprintf': This function or variable may be unsafe. Consider using sprintf_s instead. To disable deprecation, use _CRT_SECURE_NO_WARNINGS. See online help for details.
C:\Program Files (x86)\Windows Kits\10\Include\10.0.18362.0\ucrt\stdio.h(1774): message : see declaration of 'sprintf'
D:\UNR_work\OpenSees\SourceCode\OpenSees\SRC\tcl\commands.cpp(1898,1): warning C4996: 'sprintf': This function or variable may be unsafe. Consider using sprintf_s instead. To disable deprecation, use _CRT_SECURE_NO_WARNINGS. See online help for details.
C:\Program Files (x86)\Windows Kits\10\Include\10.0.18362.0\ucrt\stdio.h(1774): message : see declaration of 'sprintf'
D:\UNR_work\OpenSees\SourceCode\OpenSees\SRC\tcl\commands.cpp(3413,45): warning C4267: 'initializing': conversion from 'size_t' to 'int', possible loss of data
D:\UNR_work\OpenSees\SourceCode\OpenSees\SRC\tcl\commands.cpp(3415,33): warning C4996: 'strcpy': This function or variable may be unsafe. Consider using strcpy_s instead. To disable deprecation, use _CRT_SECURE_NO_WARNINGS. See online help for details.
C:\Program Files (x86)\Windows Kits\10\Include\10.0.18362.0\ucrt\string.h(133): message : see declaration of 'strcpy'
D:\UNR_work\OpenSees\SourceCode\OpenSees\SRC\tcl\commands.cpp(3416,38): warning C4996: 'strcpy': This function or variable may be unsafe. Consider using strcpy_s instead. To disable deprecation, use _CRT_SECURE_NO_WARNINGS. See online help for details.
C:\Program Files (x86)\Windows Kits\10\Include\10.0.18362.0\ucrt\string.h(133): message : see declaration of 'strcpy'
D:\UNR_work\OpenSees\SourceCode\OpenSees\SRC\tcl\commands.cpp(3425,28): warning C4996: 'strcpy': This function or variable may be unsafe. Consider using strcpy_s instead. To disable deprecation, use _CRT_SECURE_NO_WARNINGS. See online help for details.
C:\Program Files (x86)\Windows Kits\10\Include\10.0.18362.0\ucrt\string.h(133): message : see declaration of 'strcpy'
D:\UNR_work\OpenSees\SourceCode\OpenSees\SRC\tcl\commands.cpp(3350,6): warning C4390: ';': empty controlled statement found; is this the intent?
D:\UNR_work\OpenSees\SourceCode\OpenSees\SRC\tcl\commands.cpp(3354,6): warning C4390: ';': empty controlled statement found; is this the intent?
D:\UNR_work\OpenSees\SourceCode\OpenSees\SRC\tcl\commands.cpp(5111,49): warning C4267: 'initializing': conversion from 'size_t' to 'int', possible loss of data
D:\UNR_work\OpenSees\SourceCode\OpenSees\SRC\tcl\commands.cpp(5113,33): warning C4996: 'strcpy': This function or variable may be unsafe. Consider using strcpy_s instead. To disable deprecation, use _CRT_SECURE_NO_WARNINGS. See online help for details.
C:\Program Files (x86)\Windows Kits\10\Include\10.0.18362.0\ucrt\string.h(133): message : see declaration of 'strcpy'
D:\UNR_work\OpenSees\SourceCode\OpenSees\SRC\tcl\commands.cpp(5114,38): warning C4996: 'strcpy': This function or variable may be unsafe. Consider using strcpy_s instead. To disable deprecation, use _CRT_SECURE_NO_WARNINGS. See online help for details.
C:\Program Files (x86)\Windows Kits\10\Include\10.0.18362.0\ucrt\string.h(133): message : see declaration of 'strcpy'
D:\UNR_work\OpenSees\SourceCode\OpenSees\SRC\tcl\commands.cpp(5123,32): warning C4996: 'strcpy': This function or variable may be unsafe. Consider using strcpy_s instead. To disable deprecation, use _CRT_SECURE_NO_WARNINGS. See online help for details.
C:\Program Files (x86)\Windows Kits\10\Include\10.0.18362.0\ucrt\string.h(133): message : see declaration of 'strcpy'
D:\UNR_work\OpenSees\SourceCode\OpenSees\SRC\tcl\commands.cpp(5179,49): warning C4267: 'initializing': conversion from 'size_t' to 'int', possible loss of data
D:\UNR_work\OpenSees\SourceCode\OpenSees\SRC\tcl\commands.cpp(5181,33): warning C4996: 'strcpy': This function or variable may be unsafe. Consider using strcpy_s instead. To disable deprecation, use _CRT_SECURE_NO_WARNINGS. See online help for details.
C:\Program Files (x86)\Windows Kits\10\Include\10.0.18362.0\ucrt\string.h(133): message : see declaration of 'strcpy'
D:\UNR_work\OpenSees\SourceCode\OpenSees\SRC\tcl\commands.cpp(5182,38): warning C4996: 'strcpy': This function or variable may be unsafe. Consider using strcpy_s instead. To disable deprecation, use _CRT_SECURE_NO_WARNINGS. See online help for details.
C:\Program Files (x86)\Windows Kits\10\Include\10.0.18362.0\ucrt\string.h(133): message : see declaration of 'strcpy'
D:\UNR_work\OpenSees\SourceCode\OpenSees\SRC\tcl\commands.cpp(5191,32): warning C4996: 'strcpy': This function or variable may be unsafe. Consider using strcpy_s instead. To disable deprecation, use _CRT_SECURE_NO_WARNINGS. See online help for details.
C:\Program Files (x86)\Windows Kits\10\Include\10.0.18362.0\ucrt\string.h(133): message : see declaration of 'strcpy'
D:\UNR_work\OpenSees\SourceCode\OpenSees\SRC\tcl\commands.cpp(4408,7): warning C4101: 'numIter': unreferenced local variable
D:\UNR_work\OpenSees\SourceCode\OpenSees\SRC\tcl\commands.cpp(5532,1): warning C4996: 'sprintf': This function or variable may be unsafe. Consider using sprintf_s instead. To disable deprecation, use _CRT_SECURE_NO_WARNINGS. See online help for details.
C:\Program Files (x86)\Windows Kits\10\Include\10.0.18362.0\ucrt\stdio.h(1774): message : see declaration of 'sprintf'
D:\UNR_work\OpenSees\SourceCode\OpenSees\SRC\tcl\commands.cpp(5877,1): warning C4996: 'sprintf': This function or variable may be unsafe. Consider using sprintf_s instead. To disable deprecation, use _CRT_SECURE_NO_WARNINGS. See online help for details.
C:\Program Files (x86)\Windows Kits\10\Include\10.0.18362.0\ucrt\stdio.h(1774): message : see declaration of 'sprintf'
D:\UNR_work\OpenSees\SourceCode\OpenSees\SRC\tcl\commands.cpp(5895,1): warning C4996: 'sprintf': This function or variable may be unsafe. Consider using sprintf_s instead. To disable deprecation, use _CRT_SECURE_NO_WARNINGS. See online help for details.
C:\Program Files (x86)\Windows Kits\10\Include\10.0.18362.0\ucrt\stdio.h(1774): message : see declaration of 'sprintf'
D:\UNR_work\OpenSees\SourceCode\OpenSees\SRC\tcl\commands.cpp(5950,1): warning C4996: 'sprintf': This function or variable may be unsafe. Consider using sprintf_s instead. To disable deprecation, use _CRT_SECURE_NO_WARNINGS. See online help for details.
C:\Program Files (x86)\Windows Kits\10\Include\10.0.18362.0\ucrt\stdio.h(1774): message : see declaration of 'sprintf'
D:\UNR_work\OpenSees\SourceCode\OpenSees\SRC\tcl\commands.cpp(5956,1): warning C4996: 'sprintf': This function or variable may be unsafe. Consider using sprintf_s instead. To disable deprecation, use _CRT_SECURE_NO_WARNINGS. See online help for details.
C:\Program Files (x86)\Windows Kits\10\Include\10.0.18362.0\ucrt\stdio.h(1774): message : see declaration of 'sprintf'
D:\UNR_work\OpenSees\SourceCode\OpenSees\SRC\tcl\commands.cpp(6009,1): warning C4996: 'sprintf': This function or variable may be unsafe. Consider using sprintf_s instead. To disable deprecation, use _CRT_SECURE_NO_WARNINGS. See online help for details.
C:\Program Files (x86)\Windows Kits\10\Include\10.0.18362.0\ucrt\stdio.h(1774): message : see declaration of 'sprintf'
D:\UNR_work\OpenSees\SourceCode\OpenSees\SRC\tcl\commands.cpp(6015,1): warning C4996: 'sprintf': This function or variable may be unsafe. Consider using sprintf_s instead. To disable deprecation, use _CRT_SECURE_NO_WARNINGS. See online help for details.
C:\Program Files (x86)\Windows Kits\10\Include\10.0.18362.0\ucrt\stdio.h(1774): message : see declaration of 'sprintf'
D:\UNR_work\OpenSees\SourceCode\OpenSees\SRC\tcl\commands.cpp(6069,1): warning C4996: 'sprintf': This function or variable may be unsafe. Consider using sprintf_s instead. To disable deprecation, use _CRT_SECURE_NO_WARNINGS. See online help for details.
C:\Program Files (x86)\Windows Kits\10\Include\10.0.18362.0\ucrt\stdio.h(1774): message : see declaration of 'sprintf'
D:\UNR_work\OpenSees\SourceCode\OpenSees\SRC\tcl\commands.cpp(6074,1): warning C4996: 'sprintf': This function or variable may be unsafe. Consider using sprintf_s instead. To disable deprecation, use _CRT_SECURE_NO_WARNINGS. See online help for details.
C:\Program Files (x86)\Windows Kits\10\Include\10.0.18362.0\ucrt\stdio.h(1774): message : see declaration of 'sprintf'
D:\UNR_work\OpenSees\SourceCode\OpenSees\SRC\tcl\commands.cpp(6134,1): warning C4996: 'sprintf': This function or variable may be unsafe. Consider using sprintf_s instead. To disable deprecation, use _CRT_SECURE_NO_WARNINGS. See online help for details.
C:\Program Files (x86)\Windows Kits\10\Include\10.0.18362.0\ucrt\stdio.h(1774): message : see declaration of 'sprintf'
D:\UNR_work\OpenSees\SourceCode\OpenSees\SRC\tcl\commands.cpp(6141,1): warning C4996: 'sprintf': This function or variable may be unsafe. Consider using sprintf_s instead. To disable deprecation, use _CRT_SECURE_NO_WARNINGS. See online help for details.
C:\Program Files (x86)\Windows Kits\10\Include\10.0.18362.0\ucrt\stdio.h(1774): message : see declaration of 'sprintf'
D:\UNR_work\OpenSees\SourceCode\OpenSees\SRC\tcl\commands.cpp(6187,28): warning C4996: 'strcpy': This function or variable may be unsafe. Consider using strcpy_s instead. To disable deprecation, use _CRT_SECURE_NO_WARNINGS. See online help for details.
C:\Program Files (x86)\Windows Kits\10\Include\10.0.18362.0\ucrt\string.h(133): message : see declaration of 'strcpy'
D:\UNR_work\OpenSees\SourceCode\OpenSees\SRC\tcl\commands.cpp(6205,1): warning C4996: 'sprintf': This function or variable may be unsafe. Consider using sprintf_s instead. To disable deprecation, use _CRT_SECURE_NO_WARNINGS. See online help for details.
C:\Program Files (x86)\Windows Kits\10\Include\10.0.18362.0\ucrt\stdio.h(1774): message : see declaration of 'sprintf'
D:\UNR_work\OpenSees\SourceCode\OpenSees\SRC\tcl\commands.cpp(6211,1): warning C4996: 'sprintf': This function or variable may be unsafe. Consider using sprintf_s instead. To disable deprecation, use _CRT_SECURE_NO_WARNINGS. See online help for details.
C:\Program Files (x86)\Windows Kits\10\Include\10.0.18362.0\ucrt\stdio.h(1774): message : see declaration of 'sprintf'
D:\UNR_work\OpenSees\SourceCode\OpenSees\SRC\tcl\commands.cpp(6256,33): warning C4996: 'strcpy': This function or variable may be unsafe. Consider using strcpy_s instead. To disable deprecation, use _CRT_SECURE_NO_WARNINGS. See online help for details.
C:\Program Files (x86)\Windows Kits\10\Include\10.0.18362.0\ucrt\string.h(133): message : see declaration of 'strcpy'
D:\UNR_work\OpenSees\SourceCode\OpenSees\SRC\tcl\commands.cpp(6274,1): warning C4996: 'sprintf': This function or variable may be unsafe. Consider using sprintf_s instead. To disable deprecation, use _CRT_SECURE_NO_WARNINGS. See online help for details.
C:\Program Files (x86)\Windows Kits\10\Include\10.0.18362.0\ucrt\stdio.h(1774): message : see declaration of 'sprintf'
D:\UNR_work\OpenSees\SourceCode\OpenSees\SRC\tcl\commands.cpp(6280,1): warning C4996: 'sprintf': This function or variable may be unsafe. Consider using sprintf_s instead. To disable deprecation, use _CRT_SECURE_NO_WARNINGS. See online help for details.
C:\Program Files (x86)\Windows Kits\10\Include\10.0.18362.0\ucrt\stdio.h(1774): message : see declaration of 'sprintf'
D:\UNR_work\OpenSees\SourceCode\OpenSees\SRC\tcl\commands.cpp(6331,1): warning C4996: 'sprintf': This function or variable may be unsafe. Consider using sprintf_s instead. To disable deprecation, use _CRT_SECURE_NO_WARNINGS. See online help for details.
C:\Program Files (x86)\Windows Kits\10\Include\10.0.18362.0\ucrt\stdio.h(1774): message : see declaration of 'sprintf'
D:\UNR_work\OpenSees\SourceCode\OpenSees\SRC\tcl\commands.cpp(6337,1): warning C4996: 'sprintf': This function or variable may be unsafe. Consider using sprintf_s instead. To disable deprecation, use _CRT_SECURE_NO_WARNINGS. See online help for details.
C:\Program Files (x86)\Windows Kits\10\Include\10.0.18362.0\ucrt\stdio.h(1774): message : see declaration of 'sprintf'
D:\UNR_work\OpenSees\SourceCode\OpenSees\SRC\tcl\commands.cpp(6388,1): warning C4996: 'sprintf': This function or variable may be unsafe. Consider using sprintf_s instead. To disable deprecation, use _CRT_SECURE_NO_WARNINGS. See online help for details.
C:\Program Files (x86)\Windows Kits\10\Include\10.0.18362.0\ucrt\stdio.h(1774): message : see declaration of 'sprintf'
D:\UNR_work\OpenSees\SourceCode\OpenSees\SRC\tcl\commands.cpp(6425,1): warning C4996: 'sprintf': This function or variable may be unsafe. Consider using sprintf_s instead. To disable deprecation, use _CRT_SECURE_NO_WARNINGS. See online help for details.
C:\Program Files (x86)\Windows Kits\10\Include\10.0.18362.0\ucrt\stdio.h(1774): message : see declaration of 'sprintf'
D:\UNR_work\OpenSees\SourceCode\OpenSees\SRC\tcl\commands.cpp(6483,1): warning C4996: 'sprintf': This function or variable may be unsafe. Consider using sprintf_s instead. To disable deprecation, use _CRT_SECURE_NO_WARNINGS. See online help for details.
C:\Program Files (x86)\Windows Kits\10\Include\10.0.18362.0\ucrt\stdio.h(1774): message : see declaration of 'sprintf'
D:\UNR_work\OpenSees\SourceCode\OpenSees\SRC\tcl\commands.cpp(6492,1): warning C4996: 'sprintf': This function or variable may be unsafe. Consider using sprintf_s instead. To disable deprecation, use _CRT_SECURE_NO_WARNINGS. See online help for details.
C:\Program Files (x86)\Windows Kits\10\Include\10.0.18362.0\ucrt\stdio.h(1774): message : see declaration of 'sprintf'
D:\UNR_work\OpenSees\SourceCode\OpenSees\SRC\tcl\commands.cpp(6574,28): warning C4996: 'strcpy': This function or variable may be unsafe. Consider using strcpy_s instead. To disable deprecation, use _CRT_SECURE_NO_WARNINGS. See online help for details.
C:\Program Files (x86)\Windows Kits\10\Include\10.0.18362.0\ucrt\string.h(133): message : see declaration of 'strcpy'
D:\UNR_work\OpenSees\SourceCode\OpenSees\SRC\tcl\commands.cpp(6582,1): warning C4996: 'sprintf': This function or variable may be unsafe. Consider using sprintf_s instead. To disable deprecation, use _CRT_SECURE_NO_WARNINGS. See online help for details.
C:\Program Files (x86)\Windows Kits\10\Include\10.0.18362.0\ucrt\stdio.h(1774): message : see declaration of 'sprintf'
D:\UNR_work\OpenSees\SourceCode\OpenSees\SRC\tcl\commands.cpp(6622,1): warning C4996: 'sprintf': This function or variable may be unsafe. Consider using sprintf_s instead. To disable deprecation, use _CRT_SECURE_NO_WARNINGS. See online help for details.
C:\Program Files (x86)\Windows Kits\10\Include\10.0.18362.0\ucrt\stdio.h(1774): message : see declaration of 'sprintf'
D:\UNR_work\OpenSees\SourceCode\OpenSees\SRC\tcl\commands.cpp(6656,1): warning C4996: 'sprintf': This function or variable may be unsafe. Consider using sprintf_s instead. To disable deprecation, use _CRT_SECURE_NO_WARNINGS. See online help for details.
C:\Program Files (x86)\Windows Kits\10\Include\10.0.18362.0\ucrt\stdio.h(1774): message : see declaration of 'sprintf'
D:\UNR_work\OpenSees\SourceCode\OpenSees\SRC\tcl\commands.cpp(6682,1): warning C4996: 'sprintf': This function or variable may be unsafe. Consider using sprintf_s instead. To disable deprecation, use _CRT_SECURE_NO_WARNINGS. See online help for details.
C:\Program Files (x86)\Windows Kits\10\Include\10.0.18362.0\ucrt\stdio.h(1774): message : see declaration of 'sprintf'
D:\UNR_work\OpenSees\SourceCode\OpenSees\SRC\tcl\commands.cpp(6731,1): warning C4996: 'sprintf': This function or variable may be unsafe. Consider using sprintf_s instead. To disable deprecation, use _CRT_SECURE_NO_WARNINGS. See online help for details.
C:\Program Files (x86)\Windows Kits\10\Include\10.0.18362.0\ucrt\stdio.h(1774): message : see declaration of 'sprintf'
D:\UNR_work\OpenSees\SourceCode\OpenSees\SRC\tcl\commands.cpp(6738,1): warning C4996: 'sprintf': This function or variable may be unsafe. Consider using sprintf_s instead. To disable deprecation, use _CRT_SECURE_NO_WARNINGS. See online help for details.
C:\Program Files (x86)\Windows Kits\10\Include\10.0.18362.0\ucrt\stdio.h(1774): message : see declaration of 'sprintf'
D:\UNR_work\OpenSees\SourceCode\OpenSees\SRC\tcl\commands.cpp(6943,1): warning C4996: 'sprintf': This function or variable may be unsafe. Consider using sprintf_s instead. To disable deprecation, use _CRT_SECURE_NO_WARNINGS. See online help for details.
C:\Program Files (x86)\Windows Kits\10\Include\10.0.18362.0\ucrt\stdio.h(1774): message : see declaration of 'sprintf'
D:\UNR_work\OpenSees\SourceCode\OpenSees\SRC\tcl\commands.cpp(6949,1): warning C4996: 'sprintf': This function or variable may be unsafe. Consider using sprintf_s instead. To disable deprecation, use _CRT_SECURE_NO_WARNINGS. See online help for details.
C:\Program Files (x86)\Windows Kits\10\Include\10.0.18362.0\ucrt\stdio.h(1774): message : see declaration of 'sprintf'
D:\UNR_work\OpenSees\SourceCode\OpenSees\SRC\tcl\commands.cpp(6993,1): warning C4996: 'sprintf': This function or variable may be unsafe. Consider using sprintf_s instead. To disable deprecation, use _CRT_SECURE_NO_WARNINGS. See online help for details.
C:\Program Files (x86)\Windows Kits\10\Include\10.0.18362.0\ucrt\stdio.h(1774): message : see declaration of 'sprintf'
D:\UNR_work\OpenSees\SourceCode\OpenSees\SRC\tcl\commands.cpp(7067,2): warning C4996: 'sprintf': This function or variable may be unsafe. Consider using sprintf_s instead. To disable deprecation, use _CRT_SECURE_NO_WARNINGS. See online help for details.
C:\Program Files (x86)\Windows Kits\10\Include\10.0.18362.0\ucrt\stdio.h(1774): message : see declaration of 'sprintf'
D:\UNR_work\OpenSees\SourceCode\OpenSees\SRC\tcl\commands.cpp(7115,2): warning C4996: 'sprintf': This function or variable may be unsafe. Consider using sprintf_s instead. To disable deprecation, use _CRT_SECURE_NO_WARNINGS. See online help for details.
C:\Program Files (x86)\Windows Kits\10\Include\10.0.18362.0\ucrt\stdio.h(1774): message : see declaration of 'sprintf'
D:\UNR_work\OpenSees\SourceCode\OpenSees\SRC\tcl\commands.cpp(7164,1): warning C4996: 'sprintf': This function or variable may be unsafe. Consider using sprintf_s instead. To disable deprecation, use _CRT_SECURE_NO_WARNINGS. See online help for details.
C:\Program Files (x86)\Windows Kits\10\Include\10.0.18362.0\ucrt\stdio.h(1774): message : see declaration of 'sprintf'
D:\UNR_work\OpenSees\SourceCode\OpenSees\SRC\tcl\commands.cpp(7212,1): warning C4996: 'sprintf': This function or variable may be unsafe. Consider using sprintf_s instead. To disable deprecation, use _CRT_SECURE_NO_WARNINGS. See online help for details.
C:\Program Files (x86)\Windows Kits\10\Include\10.0.18362.0\ucrt\stdio.h(1774): message : see declaration of 'sprintf'
D:\UNR_work\OpenSees\SourceCode\OpenSees\SRC\tcl\commands.cpp(7277,1): warning C4996: 'sprintf': This function or variable may be unsafe. Consider using sprintf_s instead. To disable deprecation, use _CRT_SECURE_NO_WARNINGS. See online help for details.
C:\Program Files (x86)\Windows Kits\10\Include\10.0.18362.0\ucrt\stdio.h(1774): message : see declaration of 'sprintf'
D:\UNR_work\OpenSees\SourceCode\OpenSees\SRC\tcl\commands.cpp(7303,1): warning C4996: 'sprintf': This function or variable may be unsafe. Consider using sprintf_s instead. To disable deprecation, use _CRT_SECURE_NO_WARNINGS. See online help for details.
C:\Program Files (x86)\Windows Kits\10\Include\10.0.18362.0\ucrt\stdio.h(1774): message : see declaration of 'sprintf'
D:\UNR_work\OpenSees\SourceCode\OpenSees\SRC\tcl\commands.cpp(7358,1): warning C4996: 'sprintf': This function or variable may be unsafe. Consider using sprintf_s instead. To disable deprecation, use _CRT_SECURE_NO_WARNINGS. See online help for details.
C:\Program Files (x86)\Windows Kits\10\Include\10.0.18362.0\ucrt\stdio.h(1774): message : see declaration of 'sprintf'
D:\UNR_work\OpenSees\SourceCode\OpenSees\SRC\tcl\commands.cpp(7384,1): warning C4996: 'sprintf': This function or variable may be unsafe. Consider using sprintf_s instead. To disable deprecation, use _CRT_SECURE_NO_WARNINGS. See online help for details.
C:\Program Files (x86)\Windows Kits\10\Include\10.0.18362.0\ucrt\stdio.h(1774): message : see declaration of 'sprintf'
D:\UNR_work\OpenSees\SourceCode\OpenSees\SRC\tcl\commands.cpp(7431,1): warning C4996: 'sprintf': This function or variable may be unsafe. Consider using sprintf_s instead. To disable deprecation, use _CRT_SECURE_NO_WARNINGS. See online help for details.
C:\Program Files (x86)\Windows Kits\10\Include\10.0.18362.0\ucrt\stdio.h(1774): message : see declaration of 'sprintf'
D:\UNR_work\OpenSees\SourceCode\OpenSees\SRC\tcl\commands.cpp(7453,1): warning C4996: 'sprintf': This function or variable may be unsafe. Consider using sprintf_s instead. To disable deprecation, use _CRT_SECURE_NO_WARNINGS. See online help for details.
C:\Program Files (x86)\Windows Kits\10\Include\10.0.18362.0\ucrt\stdio.h(1774): message : see declaration of 'sprintf'
D:\UNR_work\OpenSees\SourceCode\OpenSees\SRC\tcl\commands.cpp(7514,1): warning C4996: 'sprintf': This function or variable may be unsafe. Consider using sprintf_s instead. To disable deprecation, use _CRT_SECURE_NO_WARNINGS. See online help for details.
C:\Program Files (x86)\Windows Kits\10\Include\10.0.18362.0\ucrt\stdio.h(1774): message : see declaration of 'sprintf'
D:\UNR_work\OpenSees\SourceCode\OpenSees\SRC\tcl\commands.cpp(7574,1): warning C4996: 'sprintf': This function or variable may be unsafe. Consider using sprintf_s instead. To disable deprecation, use _CRT_SECURE_NO_WARNINGS. See online help for details.
C:\Program Files (x86)\Windows Kits\10\Include\10.0.18362.0\ucrt\stdio.h(1774): message : see declaration of 'sprintf'
D:\UNR_work\OpenSees\SourceCode\OpenSees\SRC\tcl\commands.cpp(7617,1): warning C4996: 'sprintf': This function or variable may be unsafe. Consider using sprintf_s instead. To disable deprecation, use _CRT_SECURE_NO_WARNINGS. See online help for details.
C:\Program Files (x86)\Windows Kits\10\Include\10.0.18362.0\ucrt\stdio.h(1774): message : see declaration of 'sprintf'
D:\UNR_work\OpenSees\SourceCode\OpenSees\SRC\tcl\commands.cpp(7642,1): warning C4996: 'sprintf': This function or variable may be unsafe. Consider using sprintf_s instead. To disable deprecation, use _CRT_SECURE_NO_WARNINGS. See online help for details.
C:\Program Files (x86)\Windows Kits\10\Include\10.0.18362.0\ucrt\stdio.h(1774): message : see declaration of 'sprintf'
D:\UNR_work\OpenSees\SourceCode\OpenSees\SRC\tcl\commands.cpp(7686,1): warning C4996: 'sprintf': This function or variable may be unsafe. Consider using sprintf_s instead. To disable deprecation, use _CRT_SECURE_NO_WARNINGS. See online help for details.
C:\Program Files (x86)\Windows Kits\10\Include\10.0.18362.0\ucrt\stdio.h(1774): message : see declaration of 'sprintf'
D:\UNR_work\OpenSees\SourceCode\OpenSees\SRC\tcl\commands.cpp(7711,1): warning C4996: 'sprintf': This function or variable may be unsafe. Consider using sprintf_s instead. To disable deprecation, use _CRT_SECURE_NO_WARNINGS. See online help for details.
C:\Program Files (x86)\Windows Kits\10\Include\10.0.18362.0\ucrt\stdio.h(1774): message : see declaration of 'sprintf'
D:\UNR_work\OpenSees\SourceCode\OpenSees\SRC\tcl\commands.cpp(7777,1): warning C4996: 'sprintf': This function or variable may be unsafe. Consider using sprintf_s instead. To disable deprecation, use _CRT_SECURE_NO_WARNINGS. See online help for details.
C:\Program Files (x86)\Windows Kits\10\Include\10.0.18362.0\ucrt\stdio.h(1774): message : see declaration of 'sprintf'
D:\UNR_work\OpenSees\SourceCode\OpenSees\SRC\tcl\commands.cpp(7841,1): warning C4996: 'sprintf': This function or variable may be unsafe. Consider using sprintf_s instead. To disable deprecation, use _CRT_SECURE_NO_WARNINGS. See online help for details.
C:\Program Files (x86)\Windows Kits\10\Include\10.0.18362.0\ucrt\stdio.h(1774): message : see declaration of 'sprintf'
D:\UNR_work\OpenSees\SourceCode\OpenSees\SRC\tcl\commands.cpp(7906,1): warning C4996: 'sprintf': This function or variable may be unsafe. Consider using sprintf_s instead. To disable deprecation, use _CRT_SECURE_NO_WARNINGS. See online help for details.
C:\Program Files (x86)\Windows Kits\10\Include\10.0.18362.0\ucrt\stdio.h(1774): message : see declaration of 'sprintf'
D:\UNR_work\OpenSees\SourceCode\OpenSees\SRC\tcl\commands.cpp(8264,1): warning C4996: 'sprintf': This function or variable may be unsafe. Consider using sprintf_s instead. To disable deprecation, use _CRT_SECURE_NO_WARNINGS. See online help for details.
C:\Program Files (x86)\Windows Kits\10\Include\10.0.18362.0\ucrt\stdio.h(1774): message : see declaration of 'sprintf'
D:\UNR_work\OpenSees\SourceCode\OpenSees\SRC\tcl\commands.cpp(8287,1): warning C4996: 'sprintf': This function or variable may be unsafe. Consider using sprintf_s instead. To disable deprecation, use _CRT_SECURE_NO_WARNINGS. See online help for details.
C:\Program Files (x86)\Windows Kits\10\Include\10.0.18362.0\ucrt\stdio.h(1774): message : see declaration of 'sprintf'
D:\UNR_work\OpenSees\SourceCode\OpenSees\SRC\tcl\commands.cpp(8302,1): warning C4996: 'sprintf': This function or variable may be unsafe. Consider using sprintf_s instead. To disable deprecation, use _CRT_SECURE_NO_WARNINGS. See online help for details.
C:\Program Files (x86)\Windows Kits\10\Include\10.0.18362.0\ucrt\stdio.h(1774): message : see declaration of 'sprintf'
D:\UNR_work\OpenSees\SourceCode\OpenSees\SRC\tcl\commands.cpp(8318,1): warning C4996: 'sprintf': This function or variable may be unsafe. Consider using sprintf_s instead. To disable deprecation, use _CRT_SECURE_NO_WARNINGS. See online help for details.
C:\Program Files (x86)\Windows Kits\10\Include\10.0.18362.0\ucrt\stdio.h(1774): message : see declaration of 'sprintf'
D:\UNR_work\OpenSees\SourceCode\OpenSees\SRC\tcl\commands.cpp(8334,1): warning C4996: 'sprintf': This function or variable may be unsafe. Consider using sprintf_s instead. To disable deprecation, use _CRT_SECURE_NO_WARNINGS. See online help for details.
C:\Program Files (x86)\Windows Kits\10\Include\10.0.18362.0\ucrt\stdio.h(1774): message : see declaration of 'sprintf'
D:\UNR_work\OpenSees\SourceCode\OpenSees\SRC\tcl\commands.cpp(8360,1): warning C4996: 'sprintf': This function or variable may be unsafe. Consider using sprintf_s instead. To disable deprecation, use _CRT_SECURE_NO_WARNINGS. See online help for details.
C:\Program Files (x86)\Windows Kits\10\Include\10.0.18362.0\ucrt\stdio.h(1774): message : see declaration of 'sprintf'
D:\UNR_work\OpenSees\SourceCode\OpenSees\SRC\tcl\commands.cpp(8522,1): warning C4996: 'sprintf': This function or variable may be unsafe. Consider using sprintf_s instead. To disable deprecation, use _CRT_SECURE_NO_WARNINGS. See online help for details.
C:\Program Files (x86)\Windows Kits\10\Include\10.0.18362.0\ucrt\stdio.h(1774): message : see declaration of 'sprintf'
D:\UNR_work\OpenSees\SourceCode\OpenSees\SRC\tcl\commands.cpp(8450,71): warning C4101: 'accel': unreferenced local variable
D:\UNR_work\OpenSees\SourceCode\OpenSees\SRC\tcl\commands.cpp(8809,1): warning C4996: 'sprintf': This function or variable may be unsafe. Consider using sprintf_s instead. To disable deprecation, use _CRT_SECURE_NO_WARNINGS. See online help for details.
C:\Program Files (x86)\Windows Kits\10\Include\10.0.18362.0\ucrt\stdio.h(1774): message : see declaration of 'sprintf'
D:\UNR_work\OpenSees\SourceCode\OpenSees\SRC\tcl\commands.cpp(8810,1): warning C4996: 'sprintf': This function or variable may be unsafe. Consider using sprintf_s instead. To disable deprecation, use _CRT_SECURE_NO_WARNINGS. See online help for details.
C:\Program Files (x86)\Windows Kits\10\Include\10.0.18362.0\ucrt\stdio.h(1774): message : see declaration of 'sprintf'
D:\UNR_work\OpenSees\SourceCode\OpenSees\SRC\tcl\commands.cpp(8811,1): warning C4996: 'sprintf': This function or variable may be unsafe. Consider using sprintf_s instead. To disable deprecation, use _CRT_SECURE_NO_WARNINGS. See online help for details.
C:\Program Files (x86)\Windows Kits\10\Include\10.0.18362.0\ucrt\stdio.h(1774): message : see declaration of 'sprintf'
D:\UNR_work\OpenSees\SourceCode\OpenSees\SRC\tcl\commands.cpp(8812,1): warning C4996: 'sprintf': This function or variable may be unsafe. Consider using sprintf_s instead. To disable deprecation, use _CRT_SECURE_NO_WARNINGS. See online help for details.
C:\Program Files (x86)\Windows Kits\10\Include\10.0.18362.0\ucrt\stdio.h(1774): message : see declaration of 'sprintf'
D:\UNR_work\OpenSees\SourceCode\OpenSees\SRC\tcl\commands.cpp(8813,1): warning C4996: 'sprintf': This function or variable may be unsafe. Consider using sprintf_s instead. To disable deprecation, use _CRT_SECURE_NO_WARNINGS. See online help for details.
C:\Program Files (x86)\Windows Kits\10\Include\10.0.18362.0\ucrt\stdio.h(1774): message : see declaration of 'sprintf'
D:\UNR_work\OpenSees\SourceCode\OpenSees\SRC\tcl\commands.cpp(8814,1): warning C4996: 'sprintf': This function or variable may be unsafe. Consider using sprintf_s instead. To disable deprecation, use _CRT_SECURE_NO_WARNINGS. See online help for details.
C:\Program Files (x86)\Windows Kits\10\Include\10.0.18362.0\ucrt\stdio.h(1774): message : see declaration of 'sprintf'
D:\UNR_work\OpenSees\SourceCode\OpenSees\SRC\tcl\commands.cpp(8815,1): warning C4996: 'sprintf': This function or variable may be unsafe. Consider using sprintf_s instead. To disable deprecation, use _CRT_SECURE_NO_WARNINGS. See online help for details.
C:\Program Files (x86)\Windows Kits\10\Include\10.0.18362.0\ucrt\stdio.h(1774): message : see declaration of 'sprintf'
D:\UNR_work\OpenSees\SourceCode\OpenSees\SRC\tcl\commands.cpp(8816,1): warning C4996: 'sprintf': This function or variable may be unsafe. Consider using sprintf_s instead. To disable deprecation, use _CRT_SECURE_NO_WARNINGS. See online help for details.
C:\Program Files (x86)\Windows Kits\10\Include\10.0.18362.0\ucrt\stdio.h(1774): message : see declaration of 'sprintf'
D:\UNR_work\OpenSees\SourceCode\OpenSees\SRC\tcl\commands.cpp(8817,1): warning C4996: 'sprintf': This function or variable may be unsafe. Consider using sprintf_s instead. To disable deprecation, use _CRT_SECURE_NO_WARNINGS. See online help for details.
C:\Program Files (x86)\Windows Kits\10\Include\10.0.18362.0\ucrt\stdio.h(1774): message : see declaration of 'sprintf'
D:\UNR_work\OpenSees\SourceCode\OpenSees\SRC\tcl\commands.cpp(8818,1): warning C4996: 'sprintf': This function or variable may be unsafe. Consider using sprintf_s instead. To disable deprecation, use _CRT_SECURE_NO_WARNINGS. See online help for details.
C:\Program Files (x86)\Windows Kits\10\Include\10.0.18362.0\ucrt\stdio.h(1774): message : see declaration of 'sprintf'
D:\UNR_work\OpenSees\SourceCode\OpenSees\SRC\tcl\commands.cpp(8820,1): warning C4996: 'sprintf': This function or variable may be unsafe. Consider using sprintf_s instead. To disable deprecation, use _CRT_SECURE_NO_WARNINGS. See online help for details.
C:\Program Files (x86)\Windows Kits\10\Include\10.0.18362.0\ucrt\stdio.h(1774): message : see declaration of 'sprintf'
D:\UNR_work\OpenSees\SourceCode\OpenSees\SRC\tcl\commands.cpp(8821,1): warning C4996: 'sprintf': This function or variable may be unsafe. Consider using sprintf_s instead. To disable deprecation, use _CRT_SECURE_NO_WARNINGS. See online help for details.
C:\Program Files (x86)\Windows Kits\10\Include\10.0.18362.0\ucrt\stdio.h(1774): message : see declaration of 'sprintf'
D:\UNR_work\OpenSees\SourceCode\OpenSees\SRC\tcl\commands.cpp(8822,1): warning C4996: 'sprintf': This function or variable may be unsafe. Consider using sprintf_s instead. To disable deprecation, use _CRT_SECURE_NO_WARNINGS. See online help for details.
C:\Program Files (x86)\Windows Kits\10\Include\10.0.18362.0\ucrt\stdio.h(1774): message : see declaration of 'sprintf'
D:\UNR_work\OpenSees\SourceCode\OpenSees\SRC\tcl\commands.cpp(8823,1): warning C4996: 'sprintf': This function or variable may be unsafe. Consider using sprintf_s instead. To disable deprecation, use _CRT_SECURE_NO_WARNINGS. See online help for details.
C:\Program Files (x86)\Windows Kits\10\Include\10.0.18362.0\ucrt\stdio.h(1774): message : see declaration of 'sprintf'
D:\UNR_work\OpenSees\SourceCode\OpenSees\SRC\tcl\commands.cpp(8824,1): warning C4996: 'sprintf': This function or variable may be unsafe. Consider using sprintf_s instead. To disable deprecation, use _CRT_SECURE_NO_WARNINGS. See online help for details.
C:\Program Files (x86)\Windows Kits\10\Include\10.0.18362.0\ucrt\stdio.h(1774): message : see declaration of 'sprintf'
D:\UNR_work\OpenSees\SourceCode\OpenSees\SRC\tcl\commands.cpp(8825,1): warning C4996: 'sprintf': This function or variable may be unsafe. Consider using sprintf_s instead. To disable deprecation, use _CRT_SECURE_NO_WARNINGS. See online help for details.
C:\Program Files (x86)\Windows Kits\10\Include\10.0.18362.0\ucrt\stdio.h(1774): message : see declaration of 'sprintf'
D:\UNR_work\OpenSees\SourceCode\OpenSees\SRC\tcl\commands.cpp(8826,1): warning C4996: 'sprintf': This function or variable may be unsafe. Consider using sprintf_s instead. To disable deprecation, use _CRT_SECURE_NO_WARNINGS. See online help for details.
C:\Program Files (x86)\Windows Kits\10\Include\10.0.18362.0\ucrt\stdio.h(1774): message : see declaration of 'sprintf'
D:\UNR_work\OpenSees\SourceCode\OpenSees\SRC\tcl\commands.cpp(8828,1): warning C4996: 'sprintf': This function or variable may be unsafe. Consider using sprintf_s instead. To disable deprecation, use _CRT_SECURE_NO_WARNINGS. See online help for details.
C:\Program Files (x86)\Windows Kits\10\Include\10.0.18362.0\ucrt\stdio.h(1774): message : see declaration of 'sprintf'
D:\UNR_work\OpenSees\SourceCode\OpenSees\SRC\tcl\commands.cpp(8829,1): warning C4996: 'sprintf': This function or variable may be unsafe. Consider using sprintf_s instead. To disable deprecation, use _CRT_SECURE_NO_WARNINGS. See online help for details.
C:\Program Files (x86)\Windows Kits\10\Include\10.0.18362.0\ucrt\stdio.h(1774): message : see declaration of 'sprintf'
D:\UNR_work\OpenSees\SourceCode\OpenSees\SRC\tcl\commands.cpp(8831,1): warning C4996: 'sprintf': This function or variable may be unsafe. Consider using sprintf_s instead. To disable deprecation, use _CRT_SECURE_NO_WARNINGS. See online help for details.
C:\Program Files (x86)\Windows Kits\10\Include\10.0.18362.0\ucrt\stdio.h(1774): message : see declaration of 'sprintf'
D:\UNR_work\OpenSees\SourceCode\OpenSees\SRC\tcl\commands.cpp(8832,1): warning C4996: 'sprintf': This function or variable may be unsafe. Consider using sprintf_s instead. To disable deprecation, use _CRT_SECURE_NO_WARNINGS. See online help for details.
C:\Program Files (x86)\Windows Kits\10\Include\10.0.18362.0\ucrt\stdio.h(1774): message : see declaration of 'sprintf'
D:\UNR_work\OpenSees\SourceCode\OpenSees\SRC\tcl\commands.cpp(8833,1): warning C4996: 'sprintf': This function or variable may be unsafe. Consider using sprintf_s instead. To disable deprecation, use _CRT_SECURE_NO_WARNINGS. See online help for details.
C:\Program Files (x86)\Windows Kits\10\Include\10.0.18362.0\ucrt\stdio.h(1774): message : see declaration of 'sprintf'
D:\UNR_work\OpenSees\SourceCode\OpenSees\SRC\tcl\commands.cpp(8834,1): warning C4996: 'sprintf': This function or variable may be unsafe. Consider using sprintf_s instead. To disable deprecation, use _CRT_SECURE_NO_WARNINGS. See online help for details.
C:\Program Files (x86)\Windows Kits\10\Include\10.0.18362.0\ucrt\stdio.h(1774): message : see declaration of 'sprintf'
D:\UNR_work\OpenSees\SourceCode\OpenSees\SRC\tcl\commands.cpp(8837,1): warning C4996: 'sprintf': This function or variable may be unsafe. Consider using sprintf_s instead. To disable deprecation, use _CRT_SECURE_NO_WARNINGS. See online help for details.
C:\Program Files (x86)\Windows Kits\10\Include\10.0.18362.0\ucrt\stdio.h(1774): message : see declaration of 'sprintf'
D:\UNR_work\OpenSees\SourceCode\OpenSees\SRC\tcl\commands.cpp(8838,1): warning C4996: 'sprintf': This function or variable may be unsafe. Consider using sprintf_s instead. To disable deprecation, use _CRT_SECURE_NO_WARNINGS. See online help for details.
C:\Program Files (x86)\Windows Kits\10\Include\10.0.18362.0\ucrt\stdio.h(1774): message : see declaration of 'sprintf'
D:\UNR_work\OpenSees\SourceCode\OpenSees\SRC\tcl\commands.cpp(8839,1): warning C4996: 'sprintf': This function or variable may be unsafe. Consider using sprintf_s instead. To disable deprecation, use _CRT_SECURE_NO_WARNINGS. See online help for details.
C:\Program Files (x86)\Windows Kits\10\Include\10.0.18362.0\ucrt\stdio.h(1774): message : see declaration of 'sprintf'
D:\UNR_work\OpenSees\SourceCode\OpenSees\SRC\tcl\commands.cpp(8840,1): warning C4996: 'sprintf': This function or variable may be unsafe. Consider using sprintf_s instead. To disable deprecation, use _CRT_SECURE_NO_WARNINGS. See online help for details.
C:\Program Files (x86)\Windows Kits\10\Include\10.0.18362.0\ucrt\stdio.h(1774): message : see declaration of 'sprintf'
D:\UNR_work\OpenSees\SourceCode\OpenSees\SRC\tcl\commands.cpp(8841,1): warning C4996: 'sprintf': This function or variable may be unsafe. Consider using sprintf_s instead. To disable deprecation, use _CRT_SECURE_NO_WARNINGS. See online help for details.
C:\Program Files (x86)\Windows Kits\10\Include\10.0.18362.0\ucrt\stdio.h(1774): message : see declaration of 'sprintf'
D:\UNR_work\OpenSees\SourceCode\OpenSees\SRC\tcl\commands.cpp(8842,1): warning C4996: 'sprintf': This function or variable may be unsafe. Consider using sprintf_s instead. To disable deprecation, use _CRT_SECURE_NO_WARNINGS. See online help for details.
C:\Program Files (x86)\Windows Kits\10\Include\10.0.18362.0\ucrt\stdio.h(1774): message : see declaration of 'sprintf'
D:\UNR_work\OpenSees\SourceCode\OpenSees\SRC\tcl\commands.cpp(8843,1): warning C4996: 'sprintf': This function or variable may be unsafe. Consider using sprintf_s instead. To disable deprecation, use _CRT_SECURE_NO_WARNINGS. See online help for details.
C:\Program Files (x86)\Windows Kits\10\Include\10.0.18362.0\ucrt\stdio.h(1774): message : see declaration of 'sprintf'
D:\UNR_work\OpenSees\SourceCode\OpenSees\SRC\tcl\commands.cpp(8844,1): warning C4996: 'sprintf': This function or variable may be unsafe. Consider using sprintf_s instead. To disable deprecation, use _CRT_SECURE_NO_WARNINGS. See online help for details.
C:\Program Files (x86)\Windows Kits\10\Include\10.0.18362.0\ucrt\stdio.h(1774): message : see declaration of 'sprintf'
D:\UNR_work\OpenSees\SourceCode\OpenSees\SRC\tcl\commands.cpp(8845,1): warning C4996: 'sprintf': This function or variable may be unsafe. Consider using sprintf_s instead. To disable deprecation, use _CRT_SECURE_NO_WARNINGS. See online help for details.
C:\Program Files (x86)\Windows Kits\10\Include\10.0.18362.0\ucrt\stdio.h(1774): message : see declaration of 'sprintf'
D:\UNR_work\OpenSees\SourceCode\OpenSees\SRC\tcl\commands.cpp(8846,1): warning C4996: 'sprintf': This function or variable may be unsafe. Consider using sprintf_s instead. To disable deprecation, use _CRT_SECURE_NO_WARNINGS. See online help for details.
C:\Program Files (x86)\Windows Kits\10\Include\10.0.18362.0\ucrt\stdio.h(1774): message : see declaration of 'sprintf'
D:\UNR_work\OpenSees\SourceCode\OpenSees\SRC\tcl\commands.cpp(8847,1): warning C4996: 'sprintf': This function or variable may be unsafe. Consider using sprintf_s instead. To disable deprecation, use _CRT_SECURE_NO_WARNINGS. See online help for details.
C:\Program Files (x86)\Windows Kits\10\Include\10.0.18362.0\ucrt\stdio.h(1774): message : see declaration of 'sprintf'
D:\UNR_work\OpenSees\SourceCode\OpenSees\SRC\tcl\commands.cpp(8848,1): warning C4996: 'sprintf': This function or variable may be unsafe. Consider using sprintf_s instead. To disable deprecation, use _CRT_SECURE_NO_WARNINGS. See online help for details.
C:\Program Files (x86)\Windows Kits\10\Include\10.0.18362.0\ucrt\stdio.h(1774): message : see declaration of 'sprintf'
D:\UNR_work\OpenSees\SourceCode\OpenSees\SRC\tcl\commands.cpp(8849,1): warning C4996: 'sprintf': This function or variable may be unsafe. Consider using sprintf_s instead. To disable deprecation, use _CRT_SECURE_NO_WARNINGS. See online help for details.
C:\Program Files (x86)\Windows Kits\10\Include\10.0.18362.0\ucrt\stdio.h(1774): message : see declaration of 'sprintf'
D:\UNR_work\OpenSees\SourceCode\OpenSees\SRC\tcl\commands.cpp(8850,1): warning C4996: 'sprintf': This function or variable may be unsafe. Consider using sprintf_s instead. To disable deprecation, use _CRT_SECURE_NO_WARNINGS. See online help for details.
C:\Program Files (x86)\Windows Kits\10\Include\10.0.18362.0\ucrt\stdio.h(1774): message : see declaration of 'sprintf'
D:\UNR_work\OpenSees\SourceCode\OpenSees\SRC\tcl\commands.cpp(8851,1): warning C4996: 'sprintf': This function or variable may be unsafe. Consider using sprintf_s instead. To disable deprecation, use _CRT_SECURE_NO_WARNINGS. See online help for details.
C:\Program Files (x86)\Windows Kits\10\Include\10.0.18362.0\ucrt\stdio.h(1774): message : see declaration of 'sprintf'
D:\UNR_work\OpenSees\SourceCode\OpenSees\SRC\tcl\commands.cpp(8852,1): warning C4996: 'sprintf': This function or variable may be unsafe. Consider using sprintf_s instead. To disable deprecation, use _CRT_SECURE_NO_WARNINGS. See online help for details.
C:\Program Files (x86)\Windows Kits\10\Include\10.0.18362.0\ucrt\stdio.h(1774): message : see declaration of 'sprintf'
D:\UNR_work\OpenSees\SourceCode\OpenSees\SRC\tcl\commands.cpp(8853,1): warning C4996: 'sprintf': This function or variable may be unsafe. Consider using sprintf_s instead. To disable deprecation, use _CRT_SECURE_NO_WARNINGS. See online help for details.
C:\Program Files (x86)\Windows Kits\10\Include\10.0.18362.0\ucrt\stdio.h(1774): message : see declaration of 'sprintf'
D:\UNR_work\OpenSees\SourceCode\OpenSees\SRC\tcl\commands.cpp(8854,1): warning C4996: 'sprintf': This function or variable may be unsafe. Consider using sprintf_s instead. To disable deprecation, use _CRT_SECURE_NO_WARNINGS. See online help for details.
C:\Program Files (x86)\Windows Kits\10\Include\10.0.18362.0\ucrt\stdio.h(1774): message : see declaration of 'sprintf'
D:\UNR_work\OpenSees\SourceCode\OpenSees\SRC\tcl\commands.cpp(8855,1): warning C4996: 'sprintf': This function or variable may be unsafe. Consider using sprintf_s instead. To disable deprecation, use _CRT_SECURE_NO_WARNINGS. See online help for details.
C:\Program Files (x86)\Windows Kits\10\Include\10.0.18362.0\ucrt\stdio.h(1774): message : see declaration of 'sprintf'
D:\UNR_work\OpenSees\SourceCode\OpenSees\SRC\tcl\commands.cpp(8856,1): warning C4996: 'sprintf': This function or variable may be unsafe. Consider using sprintf_s instead. To disable deprecation, use _CRT_SECURE_NO_WARNINGS. See online help for details.
C:\Program Files (x86)\Windows Kits\10\Include\10.0.18362.0\ucrt\stdio.h(1774): message : see declaration of 'sprintf'
D:\UNR_work\OpenSees\SourceCode\OpenSees\SRC\tcl\commands.cpp(8857,1): warning C4996: 'sprintf': This function or variable may be unsafe. Consider using sprintf_s instead. To disable deprecation, use _CRT_SECURE_NO_WARNINGS. See online help for details.
C:\Program Files (x86)\Windows Kits\10\Include\10.0.18362.0\ucrt\stdio.h(1774): message : see declaration of 'sprintf'
D:\UNR_work\OpenSees\SourceCode\OpenSees\SRC\tcl\commands.cpp(8858,1): warning C4996: 'sprintf': This function or variable may be unsafe. Consider using sprintf_s instead. To disable deprecation, use _CRT_SECURE_NO_WARNINGS. See online help for details.
C:\Program Files (x86)\Windows Kits\10\Include\10.0.18362.0\ucrt\stdio.h(1774): message : see declaration of 'sprintf'
D:\UNR_work\OpenSees\SourceCode\OpenSees\SRC\tcl\commands.cpp(8859,1): warning C4996: 'sprintf': This function or variable may be unsafe. Consider using sprintf_s instead. To disable deprecation, use _CRT_SECURE_NO_WARNINGS. See online help for details.
C:\Program Files (x86)\Windows Kits\10\Include\10.0.18362.0\ucrt\stdio.h(1774): message : see declaration of 'sprintf'
D:\UNR_work\OpenSees\SourceCode\OpenSees\SRC\tcl\commands.cpp(8860,1): warning C4996: 'sprintf': This function or variable may be unsafe. Consider using sprintf_s instead. To disable deprecation, use _CRT_SECURE_NO_WARNINGS. See online help for details.
C:\Program Files (x86)\Windows Kits\10\Include\10.0.18362.0\ucrt\stdio.h(1774): message : see declaration of 'sprintf'
D:\UNR_work\OpenSees\SourceCode\OpenSees\SRC\tcl\commands.cpp(8893,21): warning C4996: 'strcpy': This function or variable may be unsafe. Consider using strcpy_s instead. To disable deprecation, use _CRT_SECURE_NO_WARNINGS. See online help for details.
C:\Program Files (x86)\Windows Kits\10\Include\10.0.18362.0\ucrt\string.h(133): message : see declaration of 'strcpy'
D:\UNR_work\OpenSees\SourceCode\OpenSees\SRC\tcl\commands.cpp(9014,2): warning C4390: ';': empty controlled statement found; is this the intent?
D:\UNR_work\OpenSees\SourceCode\OpenSees\SRC\tcl\commands.cpp(9180,1): warning C4996: 'sprintf': This function or variable may be unsafe. Consider using sprintf_s instead. To disable deprecation, use _CRT_SECURE_NO_WARNINGS. See online help for details.
C:\Program Files (x86)\Windows Kits\10\Include\10.0.18362.0\ucrt\stdio.h(1774): message : see declaration of 'sprintf'
D:\UNR_work\OpenSees\SourceCode\OpenSees\SRC\tcl\commands.cpp(9194,1): warning C4996: 'sprintf': This function or variable may be unsafe. Consider using sprintf_s instead. To disable deprecation, use _CRT_SECURE_NO_WARNINGS. See online help for details.
C:\Program Files (x86)\Windows Kits\10\Include\10.0.18362.0\ucrt\stdio.h(1774): message : see declaration of 'sprintf'
D:\UNR_work\OpenSees\SourceCode\OpenSees\SRC\tcl\commands.cpp(9208,1): warning C4996: 'sprintf': This function or variable may be unsafe. Consider using sprintf_s instead. To disable deprecation, use _CRT_SECURE_NO_WARNINGS. See online help for details.
C:\Program Files (x86)\Windows Kits\10\Include\10.0.18362.0\ucrt\stdio.h(1774): message : see declaration of 'sprintf'
D:\UNR_work\OpenSees\SourceCode\OpenSees\SRC\tcl\commands.cpp(9222,1): warning C4996: 'sprintf': This function or variable may be unsafe. Consider using sprintf_s instead. To disable deprecation, use _CRT_SECURE_NO_WARNINGS. See online help for details.
C:\Program Files (x86)\Windows Kits\10\Include\10.0.18362.0\ucrt\stdio.h(1774): message : see declaration of 'sprintf'
D:\UNR_work\OpenSees\SourceCode\OpenSees\SRC\tcl\commands.cpp(9234,1): warning C4996: 'sprintf': This function or variable may be unsafe. Consider using sprintf_s instead. To disable deprecation, use _CRT_SECURE_NO_WARNINGS. See online help for details.
C:\Program Files (x86)\Windows Kits\10\Include\10.0.18362.0\ucrt\stdio.h(1774): message : see declaration of 'sprintf'
D:\UNR_work\OpenSees\SourceCode\OpenSees\SRC\tcl\commands.cpp(9239,1): warning C4996: 'sprintf': This function or variable may be unsafe. Consider using sprintf_s instead. To disable deprecation, use _CRT_SECURE_NO_WARNINGS. See online help for details.
C:\Program Files (x86)\Windows Kits\10\Include\10.0.18362.0\ucrt\stdio.h(1774): message : see declaration of 'sprintf'
D:\UNR_work\OpenSees\SourceCode\OpenSees\SRC\tcl\commands.cpp(9253,1): warning C4996: 'sprintf': This function or variable may be unsafe. Consider using sprintf_s instead. To disable deprecation, use _CRT_SECURE_NO_WARNINGS. See online help for details.
C:\Program Files (x86)\Windows Kits\10\Include\10.0.18362.0\ucrt\stdio.h(1774): message : see declaration of 'sprintf'
D:\UNR_work\OpenSees\SourceCode\OpenSees\SRC\tcl\commands.cpp(9265,1): warning C4996: 'sprintf': This function or variable may be unsafe. Consider using sprintf_s instead. To disable deprecation, use _CRT_SECURE_NO_WARNINGS. See online help for details.
C:\Program Files (x86)\Windows Kits\10\Include\10.0.18362.0\ucrt\stdio.h(1774): message : see declaration of 'sprintf'
D:\UNR_work\OpenSees\SourceCode\OpenSees\SRC\tcl\commands.cpp(9287,39): warning C4996: 'strcpy': This function or variable may be unsafe. Consider using strcpy_s instead. To disable deprecation, use _CRT_SECURE_NO_WARNINGS. See online help for details.
C:\Program Files (x86)\Windows Kits\10\Include\10.0.18362.0\ucrt\string.h(133): message : see declaration of 'strcpy'
D:\UNR_work\OpenSees\SourceCode\OpenSees\SRC\tcl\commands.cpp(9307,38): warning C4996: 'strcpy': This function or variable may be unsafe. Consider using strcpy_s instead. To disable deprecation, use _CRT_SECURE_NO_WARNINGS. See online help for details.
C:\Program Files (x86)\Windows Kits\10\Include\10.0.18362.0\ucrt\string.h(133): message : see declaration of 'strcpy'
D:\UNR_work\OpenSees\SourceCode\OpenSees\SRC\tcl\commands.cpp(9323,36): warning C4996: 'strcpy': This function or variable may be unsafe. Consider using strcpy_s instead. To disable deprecation, use _CRT_SECURE_NO_WARNINGS. See online help for details.
C:\Program Files (x86)\Windows Kits\10\Include\10.0.18362.0\ucrt\string.h(133): message : see declaration of 'strcpy'
D:\UNR_work\OpenSees\SourceCode\OpenSees\SRC\tcl\commands.cpp(9299,1): warning C4996: 'fopen': This function or variable may be unsafe. Consider using fopen_s instead. To disable deprecation, use _CRT_SECURE_NO_WARNINGS. See online help for details.
C:\Program Files (x86)\Windows Kits\10\Include\10.0.18362.0\ucrt\stdio.h(208): message : see declaration of 'fopen'
D:\UNR_work\OpenSees\SourceCode\OpenSees\SRC\tcl\commands.cpp(9303,1): warning C4996: 'fscanf': This function or variable may be unsafe. Consider using fscanf_s instead. To disable deprecation, use _CRT_SECURE_NO_WARNINGS. See online help for details.
  mpiMain.cpp
  TclFeViewer.cpp
C:\Program Files (x86)\Windows Kits\10\Include\10.0.18362.0\ucrt\stdio.h(1197): message : see declaration of 'fscanf'
D:\UNR_work\OpenSees\SourceCode\OpenSees\SRC\tcl\TclFeViewer.cpp(309,40): warning C4244: 'argument': conversion from 'double' to 'float', possible loss of data
D:\UNR_work\OpenSees\SourceCode\OpenSees\SRC\tcl\TclFeViewer.cpp(309,34): warning C4244: 'argument': conversion from 'double' to 'float', possible loss of data
D:\UNR_work\OpenSees\SourceCode\OpenSees\SRC\tcl\TclFeViewer.cpp(309,28): warning C4244: 'argument': conversion from 'double' to 'float', possible loss of data
D:\UNR_work\OpenSees\SourceCode\OpenSees\SRC\tcl\TclFeViewer.cpp(324,52): warning C4244: 'argument': conversion from 'double' to 'float', possible loss of data
D:\UNR_work\OpenSees\SourceCode\OpenSees\SRC\tcl\TclFeViewer.cpp(324,46): warning C4244: 'argument': conversion from 'double' to 'float', possible loss of data
D:\UNR_work\OpenSees\SourceCode\OpenSees\SRC\tcl\TclFeViewer.cpp(324,41): warning C4244: 'argument': conversion from 'double' to 'float', possible loss of data
D:\UNR_work\OpenSees\SourceCode\OpenSees\SRC\tcl\TclFeViewer.cpp(324,35): warning C4244: 'argument': conversion from 'double' to 'float', possible loss of data
D:\UNR_work\OpenSees\SourceCode\OpenSees\SRC\tcl\TclFeViewer.cpp(328,39): warning C4244: 'argument': conversion from 'double' to 'float', possible loss of data
D:\UNR_work\OpenSees\SourceCode\OpenSees\SRC\tcl\TclFeViewer.cpp(328,34): warning C4244: 'argument': conversion from 'double' to 'float', possible loss of data
D:\UNR_work\OpenSees\SourceCode\OpenSees\SRC\tcl\TclFeViewer.cpp(338,67): warning C4244: 'argument': conversion from 'double' to 'float', possible loss of data
D:\UNR_work\OpenSees\SourceCode\OpenSees\SRC\tcl\TclFeViewer.cpp(350,69): warning C4244: 'argument': conversion from 'double' to 'float', possible loss of data
D:\UNR_work\OpenSees\SourceCode\OpenSees\SRC\tcl\TclFeViewer.cpp(588,36): warning C4244: 'argument': conversion from 'double' to 'float', possible loss of data
D:\UNR_work\OpenSees\SourceCode\OpenSees\SRC\tcl\TclFeViewer.cpp(588,31): warning C4244: 'argument': conversion from 'double' to 'float', possible loss of data
D:\UNR_work\OpenSees\SourceCode\OpenSees\SRC\tcl\TclFeViewer.cpp(588,26): warning C4244: 'argument': conversion from 'double' to 'float', possible loss of data
D:\UNR_work\OpenSees\SourceCode\OpenSees\SRC\tcl\TclFeViewer.cpp(626,38): warning C4244: 'argument': conversion from 'double' to 'float', possible loss of data
D:\UNR_work\OpenSees\SourceCode\OpenSees\SRC\tcl\TclFeViewer.cpp(626,32): warning C4244: 'argument': conversion from 'double' to 'float', possible loss of data
D:\UNR_work\OpenSees\SourceCode\OpenSees\SRC\tcl\TclFeViewer.cpp(626,26): warning C4244: 'argument': conversion from 'double' to 'float', possible loss of data
D:\UNR_work\OpenSees\SourceCode\OpenSees\SRC\tcl\TclFeViewer.cpp(664,38): warning C4244: 'argument': conversion from 'double' to 'float', possible loss of data
D:\UNR_work\OpenSees\SourceCode\OpenSees\SRC\tcl\TclFeViewer.cpp(664,32): warning C4244: 'argument': conversion from 'double' to 'float', possible loss of data
D:\UNR_work\OpenSees\SourceCode\OpenSees\SRC\tcl\TclFeViewer.cpp(664,26): warning C4244: 'argument': conversion from 'double' to 'float', possible loss of data
D:\UNR_work\OpenSees\SourceCode\OpenSees\SRC\tcl\TclFeViewer.cpp(705,48): warning C4244: 'argument': conversion from 'double' to 'float', possible loss of data
D:\UNR_work\OpenSees\SourceCode\OpenSees\SRC\tcl\TclFeViewer.cpp(705,43): warning C4244: 'argument': conversion from 'double' to 'float', possible loss of data
D:\UNR_work\OpenSees\SourceCode\OpenSees\SRC\tcl\TclFeViewer.cpp(705,38): warning C4244: 'argument': conversion from 'double' to 'float', possible loss of data
D:\UNR_work\OpenSees\SourceCode\OpenSees\SRC\tcl\TclFeViewer.cpp(705,33): warning C4244: 'argument': conversion from 'double' to 'float', possible loss of data
D:\UNR_work\OpenSees\SourceCode\OpenSees\SRC\tcl\TclFeViewer.cpp(738,39): warning C4244: 'argument': conversion from 'double' to 'float', possible loss of data
D:\UNR_work\OpenSees\SourceCode\OpenSees\SRC\tcl\TclFeViewer.cpp(738,32): warning C4244: 'argument': conversion from 'double' to 'float', possible loss of data
D:\UNR_work\OpenSees\SourceCode\OpenSees\SRC\tcl\TclFeViewer.cpp(827,36): warning C4244: 'argument': conversion from 'double' to 'float', possible loss of data
D:\UNR_work\OpenSees\SourceCode\OpenSees\SRC\tcl\TclFeViewer.cpp(827,31): warning C4244: 'argument': conversion from 'double' to 'float', possible loss of data
D:\UNR_work\OpenSees\SourceCode\OpenSees\SRC\tcl\TclFeViewer.cpp(827,26): warning C4244: 'argument': conversion from 'double' to 'float', possible loss of data
D:\UNR_work\OpenSees\SourceCode\OpenSees\SRC\tcl\TclFeViewer.cpp(869,48): warning C4244: 'argument': conversion from 'double' to 'float', possible loss of data
D:\UNR_work\OpenSees\SourceCode\OpenSees\SRC\tcl\TclFeViewer.cpp(869,43): warning C4244: 'argument': conversion from 'double' to 'float', possible loss of data
D:\UNR_work\OpenSees\SourceCode\OpenSees\SRC\tcl\TclFeViewer.cpp(869,38): warning C4244: 'argument': conversion from 'double' to 'float', possible loss of data
D:\UNR_work\OpenSees\SourceCode\OpenSees\SRC\tcl\TclFeViewer.cpp(869,33): warning C4244: 'argument': conversion from 'double' to 'float', possible loss of data
D:\UNR_work\OpenSees\SourceCode\OpenSees\SRC\tcl\TclFeViewer.cpp(905,53): warning C4244: 'argument': conversion from 'double' to 'float', possible loss of data
  tclMain.cpp
D:\UNR_work\OpenSees\SourceCode\OpenSees\SRC\tcl\TclFeViewer.cpp(924,55): warning C4244: 'argument': conversion from 'double' to 'float', possible loss of data
D:\UNR_work\OpenSees\SourceCode\OpenSees\SRC\tcl\tclMain.cpp(290,1): warning C4996: 'sprintf': This function or variable may be unsafe. Consider using sprintf_s instead. To disable deprecation, use _CRT_SECURE_NO_WARNINGS. See online help for details.
  TclVideoPlayer.cpp
C:\Program Files (x86)\Windows Kits\10\Include\10.0.18362.0\ucrt\stdio.h(1774): message : see declaration of 'sprintf'
D:\UNR_work\OpenSees\SourceCode\OpenSees\SRC\tcl\TclVideoPlayer.cpp(96,35): warning C4996: 'strcpy': This function or variable may be unsafe. Consider using strcpy_s instead. To disable deprecation, use _CRT_SECURE_NO_WARNINGS. See online help for details.
C:\Program Files (x86)\Windows Kits\10\Include\10.0.18362.0\ucrt\string.h(133): message : see declaration of 'strcpy'
D:\UNR_work\OpenSees\SourceCode\OpenSees\SRC\tcl\TclVideoPlayer.cpp(147,47): warning C4996: 'strcpy': This function or variable may be unsafe. Consider using strcpy_s instead. To disable deprecation, use _CRT_SECURE_NO_WARNINGS. See online help for details.
C:\Program Files (x86)\Windows Kits\10\Include\10.0.18362.0\ucrt\string.h(133): message : see declaration of 'strcpy'
  Generating Code...
D:\UNR_work\OpenSees\SourceCode\OpenSees\SRC\tcl\TclVideoPlayer.cpp(203,7): warning C4101: 'mode': unreferenced local variable
C:\Program Files (x86)\Microsoft Visual Studio\2019\Community\MSBuild\Microsoft\VC\v160\Microsoft.CppBuild.targets(1267,5): warning MSB8012: TargetPath(D:\UNR_work\OpenSees\SourceCode\OpenSees\Win64\x64\Release\OpenSeesSP.exe) does not match the Linker's OutputFile property value (D:\UNR_work\OpenSees\SourceCode\OpenSees\Win64\bin\OpenSeesSP.exe). This may cause your project to build incorrectly. To correct this, please make sure that $(OutDir), $(TargetName) and $(TargetExt) property values match the value specified in %(Link.OutputFile).
LINK : fatal error LNK1181: cannot open input file 'blacsCinit_MPI-Win32.lib'
