  socket.c
D:\UNR_work\OpenSees\SourceCode\OpenSees\SRC\actor\channel\socket.c(98,1): warning C4996: 'gethostbyname': Use getaddrinfo() or GetAddrInfoW() instead or define _WINSOCK_DEPRECATED_NO_WARNINGS to disable deprecated API warnings
C:\Program Files (x86)\Windows Kits\10\Include\10.0.18362.0\um\winsock2.h(2219): message : see declaration of 'gethostbyname'
D:\UNR_work\OpenSees\SourceCode\OpenSees\SRC\actor\channel\socket.c(174,25): warning C4267: '=': conversion from 'size_t' to 'int', possible loss of data
D:\UNR_work\OpenSees\SourceCode\OpenSees\SRC\actor\channel\socket.c(226,40): warning C4244: '=': conversion from '__int64' to 'int', possible loss of data
D:\UNR_work\OpenSees\SourceCode\OpenSees\SRC\actor\channel\socket.c(172,1): warning C4996: 'sprintf': This function or variable may be unsafe. Consider using sprintf_s instead. To disable deprecation, use _CRT_SECURE_NO_WARNINGS. See online help for details.
C:\Program Files (x86)\Windows Kits\10\Include\10.0.18362.0\ucrt\stdio.h(1774): message : see declaration of 'sprintf'
D:\UNR_work\OpenSees\SourceCode\OpenSees\SRC\actor\channel\socket.c(173,1): warning C4996: 'strcat': This function or variable may be unsafe. Consider using strcat_s instead. To disable deprecation, use _CRT_SECURE_NO_WARNINGS. See online help for details.
C:\Program Files (x86)\Windows Kits\10\Include\10.0.18362.0\ucrt\string.h(90): message : see declaration of 'strcat'
D:\UNR_work\OpenSees\SourceCode\OpenSees\SRC\actor\channel\socket.c(213,1): warning C4996: 'strcpy': This function or variable may be unsafe. Consider using strcpy_s instead. To disable deprecation, use _CRT_SECURE_NO_WARNINGS. See online help for details.
C:\Program Files (x86)\Windows Kits\10\Include\10.0.18362.0\ucrt\string.h(133): message : see declaration of 'strcpy'
  myCommands.cpp
  TclModelBuilder.cpp
  TclSectionTester.cpp
D:\UNR_work\OpenSees\SourceCode\OpenSees\SRC\modelbuilder\tcl\TclModelBuilder.cpp(120,10): fatal error C1083: Cannot open include file: 'StiffnessDegradation.h': No such file or directory
D:\UNR_work\OpenSees\SourceCode\OpenSees\SRC\modelbuilder\tcl\TclSectionTester.cpp(200,1): warning C4996: 'sprintf': This function or variable may be unsafe. Consider using sprintf_s instead. To disable deprecation, use _CRT_SECURE_NO_WARNINGS. See online help for details.
C:\Program Files (x86)\Windows Kits\10\Include\10.0.18362.0\ucrt\stdio.h(1774): message : see declaration of 'sprintf'
D:\UNR_work\OpenSees\SourceCode\OpenSees\SRC\modelbuilder\tcl\TclSectionTester.cpp(221,1): warning C4996: 'sprintf': This function or variable may be unsafe. Consider using sprintf_s instead. To disable deprecation, use _CRT_SECURE_NO_WARNINGS. See online help for details.
  TclUniaxialMaterialTester.cpp
C:\Program Files (x86)\Windows Kits\10\Include\10.0.18362.0\ucrt\stdio.h(1774): message : see declaration of 'sprintf'
D:\UNR_work\OpenSees\SourceCode\OpenSees\SRC\modelbuilder\tcl\TclUniaxialMaterialTester.cpp(216,1): warning C4996: 'sprintf': This function or variable may be unsafe. Consider using sprintf_s instead. To disable deprecation, use _CRT_SECURE_NO_WARNINGS. See online help for details.
C:\Program Files (x86)\Windows Kits\10\Include\10.0.18362.0\ucrt\stdio.h(1774): message : see declaration of 'sprintf'
D:\UNR_work\OpenSees\SourceCode\OpenSees\SRC\modelbuilder\tcl\TclUniaxialMaterialTester.cpp(235,1): warning C4996: 'sprintf': This function or variable may be unsafe. Consider using sprintf_s instead. To disable deprecation, use _CRT_SECURE_NO_WARNINGS. See online help for details.
  commands.cpp
C:\Program Files (x86)\Windows Kits\10\Include\10.0.18362.0\ucrt\stdio.h(1774): message : see declaration of 'sprintf'
D:\UNR_work\OpenSees\SourceCode\OpenSees\src\analysis\integrator\Houbolt.h(1,1): warning C4819: The file contains a character that cannot be represented in the current code page (936). Save the file in Unicode format to prevent data loss
D:\UNR_work\OpenSees\SourceCode\OpenSees\src\analysis\integrator\ParkLMS3.h(1,1): warning C4819: The file contains a character that cannot be represented in the current code page (936). Save the file in Unicode format to prevent data loss
  mpiMain.cpp
  TclFeViewer.cpp
D:\UNR_work\OpenSees\SourceCode\OpenSees\src\system_of_eqn\linearSOE\sparseGEN\PFEMSolver.h(43,10): fatal error C1083: Cannot open include file: 'cs.h': No such file or directory
D:\UNR_work\OpenSees\SourceCode\OpenSees\SRC\tcl\TclFeViewer.cpp(309,40): warning C4244: 'argument': conversion from 'double' to 'float', possible loss of data
D:\UNR_work\OpenSees\SourceCode\OpenSees\SRC\tcl\TclFeViewer.cpp(309,34): warning C4244: 'argument': conversion from 'double' to 'float', possible loss of data
D:\UNR_work\OpenSees\SourceCode\OpenSees\SRC\tcl\TclFeViewer.cpp(309,28): warning C4244: 'argument': conversion from 'double' to 'float', possible loss of data
D:\UNR_work\OpenSees\SourceCode\OpenSees\SRC\tcl\TclFeViewer.cpp(324,52): warning C4244: 'argument': conversion from 'double' to 'float', possible loss of data
D:\UNR_work\OpenSees\SourceCode\OpenSees\SRC\tcl\TclFeViewer.cpp(324,46): warning C4244: 'argument': conversion from 'double' to 'float', possible loss of data
D:\UNR_work\OpenSees\SourceCode\OpenSees\SRC\tcl\TclFeViewer.cpp(324,41): warning C4244: 'argument': conversion from 'double' to 'float', possible loss of data
D:\UNR_work\OpenSees\SourceCode\OpenSees\SRC\tcl\TclFeViewer.cpp(324,35): warning C4244: 'argument': conversion from 'double' to 'float', possible loss of data
D:\UNR_work\OpenSees\SourceCode\OpenSees\SRC\tcl\TclFeViewer.cpp(328,39): warning C4244: 'argument': conversion from 'double' to 'float', possible loss of data
D:\UNR_work\OpenSees\SourceCode\OpenSees\SRC\tcl\TclFeViewer.cpp(328,34): warning C4244: 'argument': conversion from 'double' to 'float', possible loss of data
D:\UNR_work\OpenSees\SourceCode\OpenSees\SRC\tcl\TclFeViewer.cpp(338,67): warning C4244: 'argument': conversion from 'double' to 'float', possible loss of data
D:\UNR_work\OpenSees\SourceCode\OpenSees\SRC\tcl\TclFeViewer.cpp(350,69): warning C4244: 'argument': conversion from 'double' to 'float', possible loss of data
D:\UNR_work\OpenSees\SourceCode\OpenSees\SRC\tcl\TclFeViewer.cpp(588,36): warning C4244: 'argument': conversion from 'double' to 'float', possible loss of data
D:\UNR_work\OpenSees\SourceCode\OpenSees\SRC\tcl\TclFeViewer.cpp(588,31): warning C4244: 'argument': conversion from 'double' to 'float', possible loss of data
D:\UNR_work\OpenSees\SourceCode\OpenSees\SRC\tcl\TclFeViewer.cpp(588,26): warning C4244: 'argument': conversion from 'double' to 'float', possible loss of data
D:\UNR_work\OpenSees\SourceCode\OpenSees\SRC\tcl\TclFeViewer.cpp(626,38): warning C4244: 'argument': conversion from 'double' to 'float', possible loss of data
D:\UNR_work\OpenSees\SourceCode\OpenSees\SRC\tcl\TclFeViewer.cpp(626,32): warning C4244: 'argument': conversion from 'double' to 'float', possible loss of data
D:\UNR_work\OpenSees\SourceCode\OpenSees\SRC\tcl\TclFeViewer.cpp(626,26): warning C4244: 'argument': conversion from 'double' to 'float', possible loss of data
D:\UNR_work\OpenSees\SourceCode\OpenSees\SRC\tcl\TclFeViewer.cpp(664,38): warning C4244: 'argument': conversion from 'double' to 'float', possible loss of data
D:\UNR_work\OpenSees\SourceCode\OpenSees\SRC\tcl\TclFeViewer.cpp(664,32): warning C4244: 'argument': conversion from 'double' to 'float', possible loss of data
D:\UNR_work\OpenSees\SourceCode\OpenSees\SRC\tcl\TclFeViewer.cpp(664,26): warning C4244: 'argument': conversion from 'double' to 'float', possible loss of data
D:\UNR_work\OpenSees\SourceCode\OpenSees\SRC\tcl\TclFeViewer.cpp(705,48): warning C4244: 'argument': conversion from 'double' to 'float', possible loss of data
D:\UNR_work\OpenSees\SourceCode\OpenSees\SRC\tcl\TclFeViewer.cpp(705,43): warning C4244: 'argument': conversion from 'double' to 'float', possible loss of data
D:\UNR_work\OpenSees\SourceCode\OpenSees\SRC\tcl\TclFeViewer.cpp(705,38): warning C4244: 'argument': conversion from 'double' to 'float', possible loss of data
D:\UNR_work\OpenSees\SourceCode\OpenSees\SRC\tcl\TclFeViewer.cpp(705,33): warning C4244: 'argument': conversion from 'double' to 'float', possible loss of data
D:\UNR_work\OpenSees\SourceCode\OpenSees\SRC\tcl\TclFeViewer.cpp(738,39): warning C4244: 'argument': conversion from 'double' to 'float', possible loss of data
D:\UNR_work\OpenSees\SourceCode\OpenSees\SRC\tcl\TclFeViewer.cpp(738,32): warning C4244: 'argument': conversion from 'double' to 'float', possible loss of data
D:\UNR_work\OpenSees\SourceCode\OpenSees\SRC\tcl\TclFeViewer.cpp(827,36): warning C4244: 'argument': conversion from 'double' to 'float', possible loss of data
D:\UNR_work\OpenSees\SourceCode\OpenSees\SRC\tcl\TclFeViewer.cpp(827,31): warning C4244: 'argument': conversion from 'double' to 'float', possible loss of data
D:\UNR_work\OpenSees\SourceCode\OpenSees\SRC\tcl\TclFeViewer.cpp(827,26): warning C4244: 'argument': conversion from 'double' to 'float', possible loss of data
D:\UNR_work\OpenSees\SourceCode\OpenSees\SRC\tcl\TclFeViewer.cpp(869,48): warning C4244: 'argument': conversion from 'double' to 'float', possible loss of data
D:\UNR_work\OpenSees\SourceCode\OpenSees\SRC\tcl\TclFeViewer.cpp(869,43): warning C4244: 'argument': conversion from 'double' to 'float', possible loss of data
D:\UNR_work\OpenSees\SourceCode\OpenSees\SRC\tcl\TclFeViewer.cpp(869,38): warning C4244: 'argument': conversion from 'double' to 'float', possible loss of data
D:\UNR_work\OpenSees\SourceCode\OpenSees\SRC\tcl\TclFeViewer.cpp(869,33): warning C4244: 'argument': conversion from 'double' to 'float', possible loss of data
D:\UNR_work\OpenSees\SourceCode\OpenSees\SRC\tcl\TclFeViewer.cpp(905,53): warning C4244: 'argument': conversion from 'double' to 'float', possible loss of data
  tclMain.cpp
D:\UNR_work\OpenSees\SourceCode\OpenSees\SRC\tcl\TclFeViewer.cpp(924,55): warning C4244: 'argument': conversion from 'double' to 'float', possible loss of data
D:\UNR_work\OpenSees\SourceCode\OpenSees\SRC\tcl\tclMain.cpp(290,1): warning C4996: 'sprintf': This function or variable may be unsafe. Consider using sprintf_s instead. To disable deprecation, use _CRT_SECURE_NO_WARNINGS. See online help for details.
  TclVideoPlayer.cpp
C:\Program Files (x86)\Windows Kits\10\Include\10.0.18362.0\ucrt\stdio.h(1774): message : see declaration of 'sprintf'
D:\UNR_work\OpenSees\SourceCode\OpenSees\SRC\tcl\TclVideoPlayer.cpp(96,1): warning C4996: 'strcpy': This function or variable may be unsafe. Consider using strcpy_s instead. To disable deprecation, use _CRT_SECURE_NO_WARNINGS. See online help for details.
C:\Program Files (x86)\Windows Kits\10\Include\10.0.18362.0\ucrt\string.h(133): message : see declaration of 'strcpy'
D:\UNR_work\OpenSees\SourceCode\OpenSees\SRC\tcl\TclVideoPlayer.cpp(147,1): warning C4996: 'strcpy': This function or variable may be unsafe. Consider using strcpy_s instead. To disable deprecation, use _CRT_SECURE_NO_WARNINGS. See online help for details.
C:\Program Files (x86)\Windows Kits\10\Include\10.0.18362.0\ucrt\string.h(133): message : see declaration of 'strcpy'
  Generating Code...
D:\UNR_work\OpenSees\SourceCode\OpenSees\SRC\tcl\TclVideoPlayer.cpp(203,7): warning C4101: 'mode': unreferenced local variable
